<?xml version="1.0" encoding="utf-8" ?>
<portable-config>
    <config-file path="BOOT-INF/classes/application.properties">
        <replace key="env.flag">test</replace>

        <!--datasource-->
        <replace key="spring.datasource.url">jdbc:mysql://172.17.8.129:3306/coffeewx-admin?useUnicode=true&amp;characterEncoding=utf8&amp;useSSL=false</replace>
        <replace key="spring.datasource.username">coffee</replace>
        <replace key="spring.datasource.password">coffee123!</replace>
        <replace key="spring.datasource.driver-class-name">com.mysql.jdbc.Driver</replace>

        <!--redis-->
        <replace key="spring.redis.database">0</replace>
        <replace key="spring.redis.host">172.17.8.128</replace>
        <replace key="spring.redis.port">6379</replace>
        <replace key="spring.redis.password"></replace>

        <replace key="upload.news.dir">/data1/tomcat/coffeewx-admin-api/web-folder/images/news/</replace>
        <replace key="download.fansmsg.dir">/data1/tomcat/coffeewx-admin-api/web-folder/images/fansmsg/</replace>

    </config-file>

</portable-config>