<?xml version="1.0" encoding="utf-8" ?>
<portable-config>
    <!--心安草配置文件-->
    <config-file path="BOOT-INF/classes/application.properties">
        <replace key="env.flag">test</replace>

        <!--datasource-->
        <replace key="spring.datasource.url">jdbc:mysql://localhost:3306/coffeewx-admin?useUnicode=true&amp;characterEncoding=utf8&amp;useSSL=false&amp;useJDBCCompliantTimezoneShift=true&amp;useLegacyDatetimeCode=false&amp;serverTimezone=Asia/Shanghai&amp;allowPublicKeyRetrieval=true</replace>
        <replace key="spring.datasource.username">root</replace>
        <replace key="spring.datasource.password">root12</replace>
        <replace key="spring.datasource.driver-class-name">com.mysql.jdbc.Driver</replace>

        <!--redis-->
        <replace key="spring.redis.database">0</replace>
        <replace key="spring.redis.host">127.0.0.1</replace>
        <replace key="spring.redis.port">6379</replace>
        <replace key="spring.redis.password">123</replace>

        <replace key="upload.news.dir">/usr/local/coffeewx/coffeewx-admin-api/web-folder/images/news/</replace>
        <replace key="download.fansmsg.dir">/usr/local/coffeewx/coffeewx-admin-api/web-folder/images/fansmsg/</replace>

    </config-file>

</portable-config>